[2025-05-17 12:36:34,025: INFO: common: yaml file: config\config.yaml loaded successfully]
[2025-05-17 12:36:34,027: INFO: common: yaml file: params.yaml loaded successfully]
[2025-05-17 12:36:34,029: INFO: common: created directory at: artifacts]
[2025-05-17 12:36:34,031: INFO: common: created directory at: artifacts/data_ingestion]
[2025-05-17 12:36:34,032: INFO: 2140807067: Downloading data from https://drive.google.com/file/d/1BU4Zwuge4nO6Bd-XH4lS70ueWoOV34sq//view?usp=sharing into file artifacts/data_ingestion/data.zip]
[2025-05-17 12:36:34,528: INFO: 2140807067: Downloaded data from https://drive.google.com/file/d/1BU4Zwuge4nO6Bd-XH4lS70ueWoOV34sq//view?usp=sharing into file artifacts/data_ingestion/data.zip]
[2025-05-17 12:51:31,597: INFO: common: yaml file: config\config.yaml loaded successfully]
[2025-05-17 12:51:31,598: INFO: common: yaml file: params.yaml loaded successfully]
[2025-05-17 12:51:31,599: INFO: common: created directory at: artifacts]
[2025-05-17 12:51:31,601: INFO: common: created directory at: artifacts/data_ingestion]
[2025-05-17 12:51:31,603: INFO: 2140807067: Downloading data from https://drive.google.com/file/d/1BU4Zwuge4nO6Bd-XH4lS70ueWoOV34sq/view?usp=sharing into file artifacts/data_ingestion/data.zip]
[2025-05-17 12:53:13,223: INFO: 2140807067: Downloaded data from https://drive.google.com/file/d/1BU4Zwuge4nO6Bd-XH4lS70ueWoOV34sq/view?usp=sharing into file artifacts/data_ingestion/data.zip]
[2025-05-17 13:27:31,337: INFO: main: >>>>>> stage Data Ingestion stage started <<<<<<]
[2025-05-17 13:27:31,338: INFO: common: yaml file: config\config.yaml loaded successfully]
[2025-05-17 13:27:31,339: INFO: common: yaml file: params.yaml loaded successfully]
[2025-05-17 13:27:31,339: INFO: common: created directory at: artifacts]
[2025-05-17 13:27:31,339: INFO: common: created directory at: artifacts/data_ingestion]
[2025-05-17 13:27:31,339: INFO: data_ingestion: Downloading data from https://drive.google.com/file/d/1BU4Zwuge4nO6Bd-XH4lS70ueWoOV34sq/view?usp=sharing into file artifacts/data_ingestion/data.zip]
[2025-05-17 13:28:57,469: INFO: data_ingestion: Downloaded data from https://drive.google.com/file/d/1BU4Zwuge4nO6Bd-XH4lS70ueWoOV34sq/view?usp=sharing into file artifacts/data_ingestion/data.zip]
[2025-05-17 13:29:06,485: INFO: main: >>>>>> stage Data Ingestion stage completed <<<<<<

x==========x]
